Vivado Simulator 2019.2
Copyright 1986-1999, 2001-2019 Xilinx, Inc. All Rights Reserved.
Running: E:/Vivado/Vivado/2019.2/bin/unwrapped/win64.o/xelab.exe -wto 10a29b11646d439daedc847abb991cb0 --incr --debug typical --relax --mt 2 -L xil_defaultlib -L unisims_ver -L unimacro_ver -L secureip --snapshot cpu_test_behav xil_defaultlib.cpu_test xil_defaultlib.glbl -log elaborate.log 
Using 2 slave threads.
Starting static elaboration
Pass Through NonSizing Optimizer
Completed static elaboration
Starting simulation data flow analysis
WARNING: [XSIM 43-4099] "E:/OneDrive/Desktop/lab08_skel/LAB 8.srcs/sources_1/imports/lab08_skel/cpu.v" Line 2. Module cpu doesn't have a timescale but at least one module in design has a timescale.
WARNING: [XSIM 43-4099] "E:/OneDrive/Desktop/lab08_skel/LAB 8.srcs/sources_1/imports/lab08_skel/control_unit.v" Line 2. Module control_unit doesn't have a timescale but at least one module in design has a timescale.
WARNING: [XSIM 43-4099] "E:/OneDrive/Desktop/lab08_skel/LAB 8.srcs/sources_1/imports/lab08_skel/state_machine.v" Line 2. Module state_machine doesn't have a timescale but at least one module in design has a timescale.
WARNING: [XSIM 43-4099] "E:/OneDrive/Desktop/lab08_skel/LAB 8.srcs/sources_1/imports/lab08_skel/decode_unit.v" Line 2. Module decode_unit doesn't have a timescale but at least one module in design has a timescale.
WARNING: [XSIM 43-4099] "E:/OneDrive/Desktop/lab08_skel/LAB 8.srcs/sources_1/imports/lab08_skel/signal_generation_unit.v" Line 2. Module signal_generation_unit doesn't have a timescale but at least one module in design has a timescale.
WARNING: [XSIM 43-4099] "E:/OneDrive/Desktop/lab08_skel/LAB 8.srcs/sources_1/imports/lab08_skel/reg_file_interface_unit.v" Line 2. Module reg_file_interface_unit(D_ADDR_WIDTH=7) doesn't have a timescale but at least one module in design has a timescale.
WARNING: [XSIM 43-4099] "E:/OneDrive/Desktop/lab08_skel/LAB 8.srcs/sources_1/imports/lab08_skel/bus_interface_unit.v" Line 2. Module bus_interface_unit doesn't have a timescale but at least one module in design has a timescale.
WARNING: [XSIM 43-4099] "E:/OneDrive/Desktop/lab08_skel/LAB 8.srcs/sources_1/imports/lab08_skel/alu.v" Line 2. Module alu doesn't have a timescale but at least one module in design has a timescale.
WARNING: [XSIM 43-4099] "E:/OneDrive/Desktop/lab08_skel/LAB 8.srcs/sources_1/imports/lab08_skel/register_file.v" Line 4. Module dual_port_sram doesn't have a timescale but at least one module in design has a timescale.
WARNING: [XSIM 43-4099] "E:/OneDrive/Desktop/lab08_skel/LAB 8.srcs/sources_1/imports/lab08_skel/rom.v" Line 1. Module rom(ADDR_WIDTH=10) doesn't have a timescale but at least one module in design has a timescale.
WARNING: [XSIM 43-4099] "E:/OneDrive/Desktop/lab08_skel/LAB 8.srcs/sources_1/imports/lab08_skel/sram.v" Line 2. Module sram(ADDR_WIDTH=7) doesn't have a timescale but at least one module in design has a timescale.
WARNING: [XSIM 43-4099] "E:/OneDrive/Desktop/lab08_skel/LAB 8.srcs/sources_1/imports/lab08_skel/gpio.v" Line 2. Module io_sram doesn't have a timescale but at least one module in design has a timescale.
WARNING: [XSIM 43-4099] "E:/OneDrive/Desktop/lab08_skel/LAB 8.srcs/sources_1/imports/lab08_skel/gpio_unit.v" Line 2. Module gpio_unit doesn't have a timescale but at least one module in design has a timescale.
WARNING: [XSIM 43-4099] "E:/OneDrive/Desktop/lab08_skel/LAB 8.srcs/sources_1/imports/lab08_skel/timer_unit.v" Line 2. Module timer_unit doesn't have a timescale but at least one module in design has a timescale.
Completed simulation data flow analysis
Time Resolution for simulation is 1ps
Compiling module xil_defaultlib.state_machine
Compiling module xil_defaultlib.decode_unit
Compiling module xil_defaultlib.signal_generation_unit
Compiling module xil_defaultlib.reg_file_interface_unit(D_ADDR_W...
Compiling module xil_defaultlib.bus_interface_unit
Compiling module xil_defaultlib.control_unit
Compiling module xil_defaultlib.alu
Compiling module xil_defaultlib.dual_port_sram
Compiling module xil_defaultlib.rom(ADDR_WIDTH=10)
Compiling module xil_defaultlib.sram(ADDR_WIDTH=7)
Compiling module xil_defaultlib.gpio_unit
Compiling module xil_defaultlib.timer_unit
Compiling module xil_defaultlib.io_sram
Compiling module xil_defaultlib.cpu
Compiling module xil_defaultlib.cpu_test
Compiling module xil_defaultlib.glbl
Built simulation snapshot cpu_test_behav
